[ 2025-02-25 15:08:52,096 ] 1025 httpx - INFO - HTTP Request: GET https://dagshub.com/api/v1/user "HTTP/1.1 200 OK"
[ 2025-02-25 15:08:52,100 ] 107 dagshub - INFO - Accessing as Ashwinth-Git
[ 2025-02-25 15:08:52,767 ] 1025 httpx - INFO - HTTP Request: GET https://dagshub.com/api/v1/repos/Ashwinth-Git/Network-Security "HTTP/1.1 200 OK"
[ 2025-02-25 15:08:53,354 ] 1025 httpx - INFO - HTTP Request: GET https://dagshub.com/api/v1/user "HTTP/1.1 200 OK"
[ 2025-02-25 15:08:53,356 ] 107 dagshub - INFO - Initialized MLflow to track repo "Ashwinth-Git/Network-Security"
[ 2025-02-25 15:08:53,357 ] 107 dagshub - INFO - Repository Ashwinth-Git/Network-Security initialized!
[ 2025-02-25 15:09:14,894 ] 38 root - INFO - Start data Ingestion
[ 2025-02-25 15:09:20,707 ] 69 root - INFO - Performed train test split on the dataframe
[ 2025-02-25 15:09:20,707 ] 71 root - INFO - Exited split_data_as_train_test method of Data_Ingestion class
[ 2025-02-25 15:09:20,709 ] 79 root - INFO - Exporting train and test file path.
[ 2025-02-25 15:09:20,809 ] 88 root - INFO - Exported train and test file path.
[ 2025-02-25 15:09:20,810 ] 41 root - INFO - Data Ingestion completed and artifact: DataIngestionArtifact(trained_file_path='Artifacts\\02_25_2025_15_08_48\\data_ingestion\\ingested\\train.csv', test_file_path='Artifacts\\02_25_2025_15_08_48\\data_ingestion\\ingested\\test.csv')
[ 2025-02-25 15:09:20,823 ] 51 root - INFO - Initiate the data Validation
[ 2025-02-25 15:09:20,941 ] 32 root - INFO - Required number of columns:2
[ 2025-02-25 15:09:20,941 ] 33 root - INFO - Data frame has columns:31
[ 2025-02-25 15:09:20,941 ] 32 root - INFO - Required number of columns:2
[ 2025-02-25 15:09:20,941 ] 33 root - INFO - Data frame has columns:31
[ 2025-02-25 15:09:21,248 ] 58 root - INFO - Entered initiate_data_transformation method of DataTransformation class
[ 2025-02-25 15:09:21,248 ] 60 root - INFO - Starting data transformation
[ 2025-02-25 15:09:21,303 ] 47 root - INFO - Entered get_data_trnasformer_object method of Trnasformation class
[ 2025-02-25 15:09:21,303 ] 50 root - INFO - Initialise KNNImputer with {'missing_values': nan, 'n_neighbors': 3, 'weights': 'uniform'}
[ 2025-02-25 15:09:21,328 ] 45 root - INFO - Entered the save_object method of MainUtils class
[ 2025-02-25 15:09:21,333 ] 49 root - INFO - Exited the save_object method of MainUtils class
[ 2025-02-25 15:09:21,334 ] 45 root - INFO - Entered the save_object method of MainUtils class
[ 2025-02-25 15:09:21,341 ] 49 root - INFO - Exited the save_object method of MainUtils class
[ 2025-02-25 15:16:47,736 ] 45 root - INFO - Entered the save_object method of MainUtils class
[ 2025-02-25 15:16:47,737 ] 49 root - INFO - Exited the save_object method of MainUtils class
[ 2025-02-25 15:16:47,739 ] 45 root - INFO - Entered the save_object method of MainUtils class
[ 2025-02-25 15:16:47,789 ] 49 root - INFO - Exited the save_object method of MainUtils class
[ 2025-02-25 15:16:47,790 ] 121 root - INFO - Model trainer artifact: ModelTrainerArtifact(trained_model_file_path='Artifacts\\02_25_2025_15_08_48\\model_trainer\\trained_model\\model.pkl', train_metric_artifact=ClassificationMetricArtifact(f1_score=0.9911343945194439, precision_score=0.9881478505423865, recall_score=0.9941390460792239), test_metric_artifact=ClassificationMetricArtifact(f1_score=0.9798436857260386, precision_score=0.9746317512274959, recall_score=0.9851116625310173))
